0 info it worked if it ends with ok
1 verbose cli [ '/usr/bin/node', '/bin/npm', 'start' ]
2 info using npm@3.10.10
3 info using node@v6.10.2
4 verbose run-script [ 'prestart', 'start', 'poststart' ]
5 info lifecycle cs-340-activity-1@1.0.0~prestart: cs-340-activity-1@1.0.0
6 silly lifecycle cs-340-activity-1@1.0.0~prestart: no script for prestart, continuing
7 info lifecycle cs-340-activity-1@1.0.0~start: cs-340-activity-1@1.0.0
8 verbose lifecycle cs-340-activity-1@1.0.0~start: unsafe-perm in lifecycle true
9 verbose lifecycle cs-340-activity-1@1.0.0~start: PATH: /usr/lib/node_modules/npm/bin/node-gyp-bin:/nfs/stak/users/thompsoq/CS340/cs-340-activity-1-master/node_modules/.bin:/usr/bin:/usr/local/apps/tex_live/current/bin/x86_64-linux:/bin:/sbin:/usr/local/bin:/usr/bin:/usr/local/apps/bin:/nfs/stak/users/thompsoq/bin:.
10 verbose lifecycle cs-340-activity-1@1.0.0~start: CWD: /nfs/stak/users/thompsoq/CS340/cs-340-activity-1-master
11 silly lifecycle cs-340-activity-1@1.0.0~start: Args: [ '-c', 'node src/index.js' ]
12 silly lifecycle cs-340-activity-1@1.0.0~start: Returned: code: 1  signal: null
13 info lifecycle cs-340-activity-1@1.0.0~start: Failed to exec start script
14 verbose stack Error: cs-340-activity-1@1.0.0 start: `node src/index.js`
14 verbose stack Exit status 1
14 verbose stack     at EventEmitter.<anonymous> (/usr/lib/node_modules/npm/lib/utils/lifecycle.js:255:16)
14 verbose stack     at emitTwo (events.js:106:13)
14 verbose stack     at EventEmitter.emit (events.js:191:7)
14 verbose stack     at ChildProcess.<anonymous> (/usr/lib/node_modules/npm/lib/utils/spawn.js:40:14)
14 verbose stack     at emitTwo (events.js:106:13)
14 verbose stack     at ChildProcess.emit (events.js:191:7)
14 verbose stack     at maybeClose (internal/child_process.js:886:16)
14 verbose stack     at Process.ChildProcess._handle.onexit (internal/child_process.js:226:5)
15 verbose pkgid cs-340-activity-1@1.0.0
16 verbose cwd /nfs/stak/users/thompsoq/CS340/cs-340-activity-1-master
17 error Linux 3.10.0-862.14.4.el7.x86_64
18 error argv "/usr/bin/node" "/bin/npm" "start"
19 error node v6.10.2
20 error npm  v3.10.10
21 error code ELIFECYCLE
22 error cs-340-activity-1@1.0.0 start: `node src/index.js`
22 error Exit status 1
23 error Failed at the cs-340-activity-1@1.0.0 start script 'node src/index.js'.
23 error Make sure you have the latest version of node.js and npm installed.
23 error If you do, this is most likely a problem with the cs-340-activity-1 package,
23 error not with npm itself.
23 error Tell the author that this fails on your system:
23 error     node src/index.js
23 error You can get information on how to open an issue for this project with:
23 error     npm bugs cs-340-activity-1
23 error Or if that isn't available, you can get their info via:
23 error     npm owner ls cs-340-activity-1
23 error There is likely additional logging output above.
24 verbose exit [ 1, true ]
